The system is: Linux - 3.2.0-38-generic-pae - armv7l
Compiling the C compiler identification source file "CMakeCCompilerId.c" succeeded.
Compiler: /usr/bin/gcc 
Build flags: -O2;-g;-pipe;-Wall;-Wp,-D_FORTIFY_SOURCE=2;-fexceptions;-fstack-protector;--param=ssp-buffer-size=4;-Wformat;-Wformat-security;;-fmessage-length=0;-march=armv7-a;-mtune=cortex-a8;-mlittle-endian;;-mfpu=vfpv3;-mfloat-abi=softfp;-D__SOFTFP__;-mthumb;-Wa,-mimplicit-it=thumb;-fPIC;-g3;-O3
Id flags: 

The output was:
0


Compilation of the C compiler identification source "CMakeCCompilerId.c" produced "a.out"

The C compiler identification is GNU, found in "/home/abuild/rpmbuild/BUILD/com.samsung.noa-0.0.1/CMakeFiles/CompilerIdC/a.out"

Determining if the C compiler works passed with the following output:
Change Dir: /home/abuild/rpmbuild/BUILD/com.samsung.noa-0.0.1/CMakeFiles/CMakeTmp

Run Build Command:/usr/bin/gmake "cmTryCompileExec/fast"
qemu: Unsupported syscall: 369
qemu: Unsupported syscall: 369
/usr/bin/gmake -f CMakeFiles/cmTryCompileExec.dir/build.make CMakeFiles/cmTryCompileExec.dir/build
qemu: Unsupported syscall: 369
qemu: Unsupported syscall: 369
qemu: Unsupported syscall: 369
qemu: Unsupported syscall: 369
gmake[1]: Entering directory `/home/abuild/rpmbuild/BUILD/com.samsung.noa-0.0.1/CMakeFiles/CMakeTmp'
/usr/bin/cmake -E cmake_progress_report /home/abuild/rpmbuild/BUILD/com.samsung.noa-0.0.1/CMakeFiles/CMakeTmp/CMakeFiles 1
qemu: Unsupported syscall: 369
qemu: Unsupported syscall: 369
qemu: Unsupported syscall: 369
qemu: Unsupported syscall: 369
Building C object CMakeFiles/cmTryCompileExec.dir/testCCompiler.c.o
/usr/bin/gcc   -O2 -g -pipe -Wall -Wp,-D_FORTIFY_SOURCE=2 -fexceptions -fstack-protector --param=ssp-buffer-size=4 -Wformat -Wformat-security  -fmessage-length=0 -march=armv7-a -mtune=cortex-a8 -mlittle-endian  -mfpu=vfpv3 -mfloat-abi=softfp -D__SOFTFP__ -mthumb -Wa,-mimplicit-it=thumb -fPIC -g3 -O3      -o CMakeFiles/cmTryCompileExec.dir/testCCompiler.c.o   -c /home/abuild/rpmbuild/BUILD/com.samsung.noa-0.0.1/CMakeFiles/CMakeTmp/testCCompiler.c
qemu: Unsupported syscall: 369
qemu: Unsupported syscall: 369
qemu: Unsupported syscall: 369
qemu: Unsupported syscall: 369
Linking C executable cmTryCompileExec
/usr/bin/cmake -E cmake_link_script CMakeFiles/cmTryCompileExec.dir/link.txt --verbose=1
qemu: Unsupported syscall: 369
qemu: Unsupported syscall: 369
/usr/bin/gcc   -O2 -g -pipe -Wall -Wp,-D_FORTIFY_SOURCE=2 -fexceptions -fstack-protector --param=ssp-buffer-size=4 -Wformat -Wformat-security  -fmessage-length=0 -march=armv7-a -mtune=cortex-a8 -mlittle-endian  -mfpu=vfpv3 -mfloat-abi=softfp -D__SOFTFP__ -mthumb -Wa,-mimplicit-it=thumb -fPIC -g3 -O3       -Wl,--rpath=/lib -Wl,--as-needed -Wl,--hash-style=both CMakeFiles/cmTryCompileExec.dir/testCCompiler.c.o  -o cmTryCompileExec -rdynamic 
gmake[1]: Leaving directory `/home/abuild/rpmbuild/BUILD/com.samsung.noa-0.0.1/CMakeFiles/CMakeTmp'


Detecting C compiler ABI info compiled with the following output:
Change Dir: /home/abuild/rpmbuild/BUILD/com.samsung.noa-0.0.1/CMakeFiles/CMakeTmp

Run Build Command:/usr/bin/gmake "cmTryCompileExec/fast"
qemu: Unsupported syscall: 369
qemu: Unsupported syscall: 369
/usr/bin/gmake -f CMakeFiles/cmTryCompileExec.dir/build.make CMakeFiles/cmTryCompileExec.dir/build
qemu: Unsupported syscall: 369
qemu: Unsupported syscall: 369
qemu: Unsupported syscall: 369
qemu: Unsupported syscall: 369
gmake[1]: Entering directory `/home/abuild/rpmbuild/BUILD/com.samsung.noa-0.0.1/CMakeFiles/CMakeTmp'
/usr/bin/cmake -E cmake_progress_report /home/abuild/rpmbuild/BUILD/com.samsung.noa-0.0.1/CMakeFiles/CMakeTmp/CMakeFiles 1
qemu: Unsupported syscall: 369
qemu: Unsupported syscall: 369
qemu: Unsupported syscall: 369
qemu: Unsupported syscall: 369
Building C object CMakeFiles/cmTryCompileExec.dir/CMakeCCompilerABI.c.o
/usr/bin/gcc   -O2 -g -pipe -Wall -Wp,-D_FORTIFY_SOURCE=2 -fexceptions -fstack-protector --param=ssp-buffer-size=4 -Wformat -Wformat-security  -fmessage-length=0 -march=armv7-a -mtune=cortex-a8 -mlittle-endian  -mfpu=vfpv3 -mfloat-abi=softfp -D__SOFTFP__ -mthumb -Wa,-mimplicit-it=thumb -fPIC -g3 -O3      -o CMakeFiles/cmTryCompileExec.dir/CMakeCCompilerABI.c.o   -c /usr/share/cmake/Modules/CMakeCCompilerABI.c
qemu: Unsupported syscall: 369
qemu: Unsupported syscall: 369
qemu: Unsupported syscall: 369
qemu: Unsupported syscall: 369
Linking C executable cmTryCompileExec
/usr/bin/cmake -E cmake_link_script CMakeFiles/cmTryCompileExec.dir/link.txt --verbose=1
qemu: Unsupported syscall: 369
qemu: Unsupported syscall: 369
/usr/bin/gcc   -O2 -g -pipe -Wall -Wp,-D_FORTIFY_SOURCE=2 -fexceptions -fstack-protector --param=ssp-buffer-size=4 -Wformat -Wformat-security  -fmessage-length=0 -march=armv7-a -mtune=cortex-a8 -mlittle-endian  -mfpu=vfpv3 -mfloat-abi=softfp -D__SOFTFP__ -mthumb -Wa,-mimplicit-it=thumb -fPIC -g3 -O3     -v CMakeFiles/cmTryCompileExec.dir/CMakeCCompilerABI.c.o  -o cmTryCompileExec -rdynamic  
Using built-in specs.
COLLECT_GCC=/usr/bin/gcc
COLLECT_LTO_WRAPPER=/usr/libexec/gcc/armv7l-tizen-linux-gnueabi/4.5.3/lto-wrapper
Target: armv7l-tizen-linux-gnueabi
Configured with: ../configure --prefix=/usr --mandir=/usr/share/man --infodir=/usr/share/info --enable-shared --enable-linker-build-id --enable-checking=release --disable-sjlj-exceptions --disable-libstdcxx-pch --with-system-zlib --enable-__cxa_atexit --disable-libunwind-exceptions --enable-gnu-unique-object --enable-lto --without-included-gettext --enable-threads=posix --enable-nls --disable-bootstrap --enable-clocale=gnu --enable-libstdcxx-debug --enable-libstdcxx-time=yes --enable-plugin --enable-gold --enable-ld=default --with-plugin-ld=ld.gold --enable-languages=c,c++ --disable-libgcj --build=armv7l-tizen-linux-gnueabi
Thread model: posix
gcc version 4.5.3 (GCC) 
COMPILER_PATH=/usr/libexec/gcc/armv7l-tizen-linux-gnueabi/4.5.3/:/usr/libexec/gcc/armv7l-tizen-linux-gnueabi/4.5.3/:/usr/libexec/gcc/armv7l-tizen-linux-gnueabi/:/usr/lib/gcc/armv7l-tizen-linux-gnueabi/4.5.3/:/usr/lib/gcc/armv7l-tizen-linux-gnueabi/
LIBRARY_PATH=/usr/lib/gcc/armv7l-tizen-linux-gnueabi/4.5.3/:/usr/lib/gcc/armv7l-tizen-linux-gnueabi/4.5.3/../../../:/lib/:/usr/lib/
COLLECT_GCC_OPTIONS='-O2' '-g' '-pipe' '-Wall' '-fexceptions' '-fstack-protector' '--param' 'ssp-buffer-size=4' '-Wformat' '-Wformat-security' '-fmessage-length=0' '-march=armv7-a' '-mtune=cortex-a8' '-mlittle-endian' '-mfpu=vfpv3' '-mfloat-abi=softfp' '-D__SOFTFP__' '-mthumb' '-fPIC' '-g3' '-O3' '-v' '-o' 'cmTryCompileExec' '-rdynamic'
 /usr/libexec/gcc/armv7l-tizen-linux-gnueabi/4.5.3/collect2 --build-id --no-add-needed --eh-frame-hdr -export-dynamic -dynamic-linker /lib/ld-linux.so.3 -X --hash-style=both -EL -m armelf_linux_eabi -o cmTryCompileExec /usr/lib/gcc/armv7l-tizen-linux-gnueabi/4.5.3/../../../crt1.o /usr/lib/gcc/armv7l-tizen-linux-gnueabi/4.5.3/../../../crti.o /usr/lib/gcc/armv7l-tizen-linux-gnueabi/4.5.3/crtbegin.o -L/usr/lib/gcc/armv7l-tizen-linux-gnueabi/4.5.3 -L/usr/lib/gcc/armv7l-tizen-linux-gnueabi/4.5.3/../../.. CMakeFiles/cmTryCompileExec.dir/CMakeCCompilerABI.c.o -lgcc --as-needed -lgcc_s --no-as-needed -lc -lgcc --as-needed -lgcc_s --no-as-needed /usr/lib/gcc/armv7l-tizen-linux-gnueabi/4.5.3/crtend.o /usr/lib/gcc/armv7l-tizen-linux-gnueabi/4.5.3/../../../crtn.o
gmake[1]: Leaving directory `/home/abuild/rpmbuild/BUILD/com.samsung.noa-0.0.1/CMakeFiles/CMakeTmp'


Parsed C implicit link information from above output:
  link line regex: [^( *|.*[/\])(ld|ld|collect2)[^/\]*( |$)]
  ignore line: [Change Dir: /home/abuild/rpmbuild/BUILD/com.samsung.noa-0.0.1/CMakeFiles/CMakeTmp]
  ignore line: []
  ignore line: [Run Build Command:/usr/bin/gmake "cmTryCompileExec/fast"]
  ignore line: [qemu: Unsupported syscall: 369]
  ignore line: [qemu: Unsupported syscall: 369]
  ignore line: [/usr/bin/gmake -f CMakeFiles/cmTryCompileExec.dir/build.make CMakeFiles/cmTryCompileExec.dir/build]
  ignore line: [qemu: Unsupported syscall: 369]
  ignore line: [qemu: Unsupported syscall: 369]
  ignore line: [qemu: Unsupported syscall: 369]
  ignore line: [qemu: Unsupported syscall: 369]
  ignore line: [gmake[1]: Entering directory `/home/abuild/rpmbuild/BUILD/com.samsung.noa-0.0.1/CMakeFiles/CMakeTmp']
  ignore line: [/usr/bin/cmake -E cmake_progress_report /home/abuild/rpmbuild/BUILD/com.samsung.noa-0.0.1/CMakeFiles/CMakeTmp/CMakeFiles 1]
  ignore line: [qemu: Unsupported syscall: 369]
  ignore line: [qemu: Unsupported syscall: 369]
  ignore line: [qemu: Unsupported syscall: 369]
  ignore line: [qemu: Unsupported syscall: 369]
  ignore line: [Building C object CMakeFiles/cmTryCompileExec.dir/CMakeCCompilerABI.c.o]
  ignore line: [/usr/bin/gcc   -O2 -g -pipe -Wall -Wp,-D_FORTIFY_SOURCE=2 -fexceptions -fstack-protector --param=ssp-buffer-size=4 -Wformat -Wformat-security  -fmessage-length=0 -march=armv7-a -mtune=cortex-a8 -mlittle-endian  -mfpu=vfpv3 -mfloat-abi=softfp -D__SOFTFP__ -mthumb -Wa,-mimplicit-it=thumb -fPIC -g3 -O3      -o CMakeFiles/cmTryCompileExec.dir/CMakeCCompilerABI.c.o   -c /usr/share/cmake/Modules/CMakeCCompilerABI.c]
  ignore line: [qemu: Unsupported syscall: 369]
  ignore line: [qemu: Unsupported syscall: 369]
  ignore line: [qemu: Unsupported syscall: 369]
  ignore line: [qemu: Unsupported syscall: 369]
  ignore line: [Linking C executable cmTryCompileExec]
  ignore line: [/usr/bin/cmake -E cmake_link_script CMakeFiles/cmTryCompileExec.dir/link.txt --verbose=1]
  ignore line: [qemu: Unsupported syscall: 369]
  ignore line: [qemu: Unsupported syscall: 369]
  ignore line: [/usr/bin/gcc   -O2 -g -pipe -Wall -Wp,-D_FORTIFY_SOURCE=2 -fexceptions -fstack-protector --param=ssp-buffer-size=4 -Wformat -Wformat-security  -fmessage-length=0 -march=armv7-a -mtune=cortex-a8 -mlittle-endian  -mfpu=vfpv3 -mfloat-abi=softfp -D__SOFTFP__ -mthumb -Wa,-mimplicit-it=thumb -fPIC -g3 -O3     -v CMakeFiles/cmTryCompileExec.dir/CMakeCCompilerABI.c.o  -o cmTryCompileExec -rdynamic  ]
  ignore line: [Using built-in specs.]
  ignore line: [COLLECT_GCC=/usr/bin/gcc]
  ignore line: [COLLECT_LTO_WRAPPER=/usr/libexec/gcc/armv7l-tizen-linux-gnueabi/4.5.3/lto-wrapper]
  ignore line: [Target: armv7l-tizen-linux-gnueabi]
  ignore line: [Configured with: ../configure --prefix=/usr --mandir=/usr/share/man --infodir=/usr/share/info --enable-shared --enable-linker-build-id --enable-checking=release --disable-sjlj-exceptions --disable-libstdcxx-pch --with-system-zlib --enable-__cxa_atexit --disable-libunwind-exceptions --enable-gnu-unique-object --enable-lto --without-included-gettext --enable-threads=posix --enable-nls --disable-bootstrap --enable-clocale=gnu --enable-libstdcxx-debug --enable-libstdcxx-time=yes --enable-plugin --enable-gold --enable-ld=default --with-plugin-ld=ld.gold --enable-languages=c,c++ --disable-libgcj --build=armv7l-tizen-linux-gnueabi]
  ignore line: [Thread model: posix]
  ignore line: [gcc version 4.5.3 (GCC) ]
  ignore line: [COMPILER_PATH=/usr/libexec/gcc/armv7l-tizen-linux-gnueabi/4.5.3/:/usr/libexec/gcc/armv7l-tizen-linux-gnueabi/4.5.3/:/usr/libexec/gcc/armv7l-tizen-linux-gnueabi/:/usr/lib/gcc/armv7l-tizen-linux-gnueabi/4.5.3/:/usr/lib/gcc/armv7l-tizen-linux-gnueabi/]
  ignore line: [LIBRARY_PATH=/usr/lib/gcc/armv7l-tizen-linux-gnueabi/4.5.3/:/usr/lib/gcc/armv7l-tizen-linux-gnueabi/4.5.3/../../../:/lib/:/usr/lib/]
  ignore line: [COLLECT_GCC_OPTIONS='-O2' '-g' '-pipe' '-Wall' '-fexceptions' '-fstack-protector' '--param' 'ssp-buffer-size=4' '-Wformat' '-Wformat-security' '-fmessage-length=0' '-march=armv7-a' '-mtune=cortex-a8' '-mlittle-endian' '-mfpu=vfpv3' '-mfloat-abi=softfp' '-D__SOFTFP__' '-mthumb' '-fPIC' '-g3' '-O3' '-v' '-o' 'cmTryCompileExec' '-rdynamic']
  link line: [ /usr/libexec/gcc/armv7l-tizen-linux-gnueabi/4.5.3/collect2 --build-id --no-add-needed --eh-frame-hdr -export-dynamic -dynamic-linker /lib/ld-linux.so.3 -X --hash-style=both -EL -m armelf_linux_eabi -o cmTryCompileExec /usr/lib/gcc/armv7l-tizen-linux-gnueabi/4.5.3/../../../crt1.o /usr/lib/gcc/armv7l-tizen-linux-gnueabi/4.5.3/../../../crti.o /usr/lib/gcc/armv7l-tizen-linux-gnueabi/4.5.3/crtbegin.o -L/usr/lib/gcc/armv7l-tizen-linux-gnueabi/4.5.3 -L/usr/lib/gcc/armv7l-tizen-linux-gnueabi/4.5.3/../../.. CMakeFiles/cmTryCompileExec.dir/CMakeCCompilerABI.c.o -lgcc --as-needed -lgcc_s --no-as-needed -lc -lgcc --as-needed -lgcc_s --no-as-needed /usr/lib/gcc/armv7l-tizen-linux-gnueabi/4.5.3/crtend.o /usr/lib/gcc/armv7l-tizen-linux-gnueabi/4.5.3/../../../crtn.o]
    arg [/usr/libexec/gcc/armv7l-tizen-linux-gnueabi/4.5.3/collect2] ==> ignore
    arg [--build-id] ==> ignore
    arg [--no-add-needed] ==> ignore
    arg [--eh-frame-hdr] ==> ignore
    arg [-export-dynamic] ==> ignore
    arg [-dynamic-linker] ==> ignore
    arg [/lib/ld-linux.so.3] ==> ignore
    arg [-X] ==> ignore
    arg [--hash-style=both] ==> ignore
    arg [-EL] ==> ignore
    arg [-m] ==> ignore
    arg [armelf_linux_eabi] ==> ignore
    arg [-o] ==> ignore
    arg [cmTryCompileExec] ==> ignore
    arg [/usr/lib/gcc/armv7l-tizen-linux-gnueabi/4.5.3/../../../crt1.o] ==> ignore
    arg [/usr/lib/gcc/armv7l-tizen-linux-gnueabi/4.5.3/../../../crti.o] ==> ignore
    arg [/usr/lib/gcc/armv7l-tizen-linux-gnueabi/4.5.3/crtbegin.o] ==> ignore
    arg [-L/usr/lib/gcc/armv7l-tizen-linux-gnueabi/4.5.3] ==> dir [/usr/lib/gcc/armv7l-tizen-linux-gnueabi/4.5.3]
    arg [-L/usr/lib/gcc/armv7l-tizen-linux-gnueabi/4.5.3/../../..] ==> dir [/usr/lib/gcc/armv7l-tizen-linux-gnueabi/4.5.3/../../..]
    arg [CMakeFiles/cmTryCompileExec.dir/CMakeCCompilerABI.c.o] ==> ignore
    arg [-lgcc] ==> lib [gcc]
    arg [--as-needed] ==> ignore
    arg [-lgcc_s] ==> lib [gcc_s]
    arg [--no-as-needed] ==> ignore
    arg [-lc] ==> lib [c]
    arg [-lgcc] ==> lib [gcc]
    arg [--as-needed] ==> ignore
    arg [-lgcc_s] ==> lib [gcc_s]
    arg [--no-as-needed] ==> ignore
    arg [/usr/lib/gcc/armv7l-tizen-linux-gnueabi/4.5.3/crtend.o] ==> ignore
    arg [/usr/lib/gcc/armv7l-tizen-linux-gnueabi/4.5.3/../../../crtn.o] ==> ignore
  remove lib [gcc]
  remove lib [gcc_s]
  remove lib [gcc]
  remove lib [gcc_s]
  collapse dir [/usr/lib/gcc/armv7l-tizen-linux-gnueabi/4.5.3] ==> [/usr/lib/gcc/armv7l-tizen-linux-gnueabi/4.5.3]
  collapse dir [/usr/lib/gcc/armv7l-tizen-linux-gnueabi/4.5.3/../../..] ==> [/usr/lib]
  implicit libs: [c]
  implicit dirs: [/usr/lib/gcc/armv7l-tizen-linux-gnueabi/4.5.3;/usr/lib]


Compiling the CXX compiler identification source file "CMakeCXXCompilerId.cpp" succeeded.
Compiler: /usr/bin/c++ 
Build flags: -O2;-g;-pipe;-Wall;-Wp,-D_FORTIFY_SOURCE=2;-fexceptions;-fstack-protector;--param=ssp-buffer-size=4;-Wformat;-Wformat-security;;-fmessage-length=0;-march=armv7-a;-mtune=cortex-a8;-mlittle-endian;;-mfpu=vfpv3;-mfloat-abi=softfp;-D__SOFTFP__;-mthumb;-Wa,-mimplicit-it=thumb
Id flags: 

The output was:
0


Compilation of the CXX compiler identification source "CMakeCXXCompilerId.cpp" produced "a.out"

The CXX compiler identification is GNU, found in "/home/abuild/rpmbuild/BUILD/com.samsung.noa-0.0.1/CMakeFiles/CompilerIdCXX/a.out"

Determining if the CXX compiler works passed with the following output:
Change Dir: /home/abuild/rpmbuild/BUILD/com.samsung.noa-0.0.1/CMakeFiles/CMakeTmp

Run Build Command:/usr/bin/gmake "cmTryCompileExec/fast"
qemu: Unsupported syscall: 369
qemu: Unsupported syscall: 369
/usr/bin/gmake -f CMakeFiles/cmTryCompileExec.dir/build.make CMakeFiles/cmTryCompileExec.dir/build
qemu: Unsupported syscall: 369
qemu: Unsupported syscall: 369
qemu: Unsupported syscall: 369
qemu: Unsupported syscall: 369
gmake[1]: Entering directory `/home/abuild/rpmbuild/BUILD/com.samsung.noa-0.0.1/CMakeFiles/CMakeTmp'
/usr/bin/cmake -E cmake_progress_report /home/abuild/rpmbuild/BUILD/com.samsung.noa-0.0.1/CMakeFiles/CMakeTmp/CMakeFiles 1
qemu: Unsupported syscall: 369
qemu: Unsupported syscall: 369
qemu: Unsupported syscall: 369
qemu: Unsupported syscall: 369
Building CXX object CMakeFiles/cmTryCompileExec.dir/testCXXCompiler.cxx.o
/usr/bin/c++    -O2 -g -pipe -Wall -Wp,-D_FORTIFY_SOURCE=2 -fexceptions -fstack-protector --param=ssp-buffer-size=4 -Wformat -Wformat-security  -fmessage-length=0 -march=armv7-a -mtune=cortex-a8 -mlittle-endian  -mfpu=vfpv3 -mfloat-abi=softfp -D__SOFTFP__ -mthumb -Wa,-mimplicit-it=thumb      -o CMakeFiles/cmTryCompileExec.dir/testCXXCompiler.cxx.o -c /home/abuild/rpmbuild/BUILD/com.samsung.noa-0.0.1/CMakeFiles/CMakeTmp/testCXXCompiler.cxx
qemu: Unsupported syscall: 369
qemu: Unsupported syscall: 369
qemu: Unsupported syscall: 369
qemu: Unsupported syscall: 369
Linking CXX executable cmTryCompileExec
/usr/bin/cmake -E cmake_link_script CMakeFiles/cmTryCompileExec.dir/link.txt --verbose=1
qemu: Unsupported syscall: 369
qemu: Unsupported syscall: 369
/usr/bin/c++    -O2 -g -pipe -Wall -Wp,-D_FORTIFY_SOURCE=2 -fexceptions -fstack-protector --param=ssp-buffer-size=4 -Wformat -Wformat-security  -fmessage-length=0 -march=armv7-a -mtune=cortex-a8 -mlittle-endian  -mfpu=vfpv3 -mfloat-abi=softfp -D__SOFTFP__ -mthumb -Wa,-mimplicit-it=thumb       -Wl,--rpath=/lib -Wl,--as-needed -Wl,--hash-style=both CMakeFiles/cmTryCompileExec.dir/testCXXCompiler.cxx.o  -o cmTryCompileExec -rdynamic 
gmake[1]: Leaving directory `/home/abuild/rpmbuild/BUILD/com.samsung.noa-0.0.1/CMakeFiles/CMakeTmp'


Detecting CXX compiler ABI info compiled with the following output:
Change Dir: /home/abuild/rpmbuild/BUILD/com.samsung.noa-0.0.1/CMakeFiles/CMakeTmp

Run Build Command:/usr/bin/gmake "cmTryCompileExec/fast"
qemu: Unsupported syscall: 369
qemu: Unsupported syscall: 369
/usr/bin/gmake -f CMakeFiles/cmTryCompileExec.dir/build.make CMakeFiles/cmTryCompileExec.dir/build
qemu: Unsupported syscall: 369
qemu: Unsupported syscall: 369
qemu: Unsupported syscall: 369
qemu: Unsupported syscall: 369
gmake[1]: Entering directory `/home/abuild/rpmbuild/BUILD/com.samsung.noa-0.0.1/CMakeFiles/CMakeTmp'
/usr/bin/cmake -E cmake_progress_report /home/abuild/rpmbuild/BUILD/com.samsung.noa-0.0.1/CMakeFiles/CMakeTmp/CMakeFiles 1
qemu: Unsupported syscall: 369
qemu: Unsupported syscall: 369
qemu: Unsupported syscall: 369
qemu: Unsupported syscall: 369
Building CXX object CMakeFiles/cmTryCompileExec.dir/CMakeCXXCompilerABI.cpp.o
/usr/bin/c++    -O2 -g -pipe -Wall -Wp,-D_FORTIFY_SOURCE=2 -fexceptions -fstack-protector --param=ssp-buffer-size=4 -Wformat -Wformat-security  -fmessage-length=0 -march=armv7-a -mtune=cortex-a8 -mlittle-endian  -mfpu=vfpv3 -mfloat-abi=softfp -D__SOFTFP__ -mthumb -Wa,-mimplicit-it=thumb      -o CMakeFiles/cmTryCompileExec.dir/CMakeCXXCompilerABI.cpp.o -c /usr/share/cmake/Modules/CMakeCXXCompilerABI.cpp
qemu: Unsupported syscall: 369
qemu: Unsupported syscall: 369
qemu: Unsupported syscall: 369
qemu: Unsupported syscall: 369
Linking CXX executable cmTryCompileExec
/usr/bin/cmake -E cmake_link_script CMakeFiles/cmTryCompileExec.dir/link.txt --verbose=1
qemu: Unsupported syscall: 369
qemu: Unsupported syscall: 369
/usr/bin/c++    -O2 -g -pipe -Wall -Wp,-D_FORTIFY_SOURCE=2 -fexceptions -fstack-protector --param=ssp-buffer-size=4 -Wformat -Wformat-security  -fmessage-length=0 -march=armv7-a -mtune=cortex-a8 -mlittle-endian  -mfpu=vfpv3 -mfloat-abi=softfp -D__SOFTFP__ -mthumb -Wa,-mimplicit-it=thumb     -v CMakeFiles/cmTryCompileExec.dir/CMakeCXXCompilerABI.cpp.o  -o cmTryCompileExec -rdynamic  
Using built-in specs.
COLLECT_GCC=/usr/bin/c++
COLLECT_LTO_WRAPPER=/usr/libexec/gcc/armv7l-tizen-linux-gnueabi/4.5.3/lto-wrapper
Target: armv7l-tizen-linux-gnueabi
Configured with: ../configure --prefix=/usr --mandir=/usr/share/man --infodir=/usr/share/info --enable-shared --enable-linker-build-id --enable-checking=release --disable-sjlj-exceptions --disable-libstdcxx-pch --with-system-zlib --enable-__cxa_atexit --disable-libunwind-exceptions --enable-gnu-unique-object --enable-lto --without-included-gettext --enable-threads=posix --enable-nls --disable-bootstrap --enable-clocale=gnu --enable-libstdcxx-debug --enable-libstdcxx-time=yes --enable-plugin --enable-gold --enable-ld=default --with-plugin-ld=ld.gold --enable-languages=c,c++ --disable-libgcj --build=armv7l-tizen-linux-gnueabi
Thread model: posix
gcc version 4.5.3 (GCC) 
COMPILER_PATH=/usr/libexec/gcc/armv7l-tizen-linux-gnueabi/4.5.3/:/usr/libexec/gcc/armv7l-tizen-linux-gnueabi/4.5.3/:/usr/libexec/gcc/armv7l-tizen-linux-gnueabi/:/usr/lib/gcc/armv7l-tizen-linux-gnueabi/4.5.3/:/usr/lib/gcc/armv7l-tizen-linux-gnueabi/
LIBRARY_PATH=/usr/lib/gcc/armv7l-tizen-linux-gnueabi/4.5.3/:/usr/lib/gcc/armv7l-tizen-linux-gnueabi/4.5.3/../../../:/lib/:/usr/lib/
COLLECT_GCC_OPTIONS='-O2' '-g' '-pipe' '-Wall' '-fexceptions' '-fstack-protector' '--param' 'ssp-buffer-size=4' '-Wformat' '-Wformat-security' '-fmessage-length=0' '-march=armv7-a' '-mtune=cortex-a8' '-mlittle-endian' '-mfpu=vfpv3' '-mfloat-abi=softfp' '-D__SOFTFP__' '-mthumb' '-v' '-o' 'cmTryCompileExec' '-rdynamic' '-shared-libgcc'
 /usr/libexec/gcc/armv7l-tizen-linux-gnueabi/4.5.3/collect2 --build-id --no-add-needed --eh-frame-hdr -export-dynamic -dynamic-linker /lib/ld-linux.so.3 -X --hash-style=both -EL -m armelf_linux_eabi -o cmTryCompileExec /usr/lib/gcc/armv7l-tizen-linux-gnueabi/4.5.3/../../../crt1.o /usr/lib/gcc/armv7l-tizen-linux-gnueabi/4.5.3/../../../crti.o /usr/lib/gcc/armv7l-tizen-linux-gnueabi/4.5.3/crtbegin.o -L/usr/lib/gcc/armv7l-tizen-linux-gnueabi/4.5.3 -L/usr/lib/gcc/armv7l-tizen-linux-gnueabi/4.5.3/../../.. CMakeFiles/cmTryCompileExec.dir/CMakeCXXCompilerABI.cpp.o -lstdc++ -lm -lgcc_s -lgcc -lc -lgcc_s -lgcc /usr/lib/gcc/armv7l-tizen-linux-gnueabi/4.5.3/crtend.o /usr/lib/gcc/armv7l-tizen-linux-gnueabi/4.5.3/../../../crtn.o
gmake[1]: Leaving directory `/home/abuild/rpmbuild/BUILD/com.samsung.noa-0.0.1/CMakeFiles/CMakeTmp'


Parsed CXX implicit link information from above output:
  link line regex: [^( *|.*[/\])(ld|ld|collect2)[^/\]*( |$)]
  ignore line: [Change Dir: /home/abuild/rpmbuild/BUILD/com.samsung.noa-0.0.1/CMakeFiles/CMakeTmp]
  ignore line: []
  ignore line: [Run Build Command:/usr/bin/gmake "cmTryCompileExec/fast"]
  ignore line: [qemu: Unsupported syscall: 369]
  ignore line: [qemu: Unsupported syscall: 369]
  ignore line: [/usr/bin/gmake -f CMakeFiles/cmTryCompileExec.dir/build.make CMakeFiles/cmTryCompileExec.dir/build]
  ignore line: [qemu: Unsupported syscall: 369]
  ignore line: [qemu: Unsupported syscall: 369]
  ignore line: [qemu: Unsupported syscall: 369]
  ignore line: [qemu: Unsupported syscall: 369]
  ignore line: [gmake[1]: Entering directory `/home/abuild/rpmbuild/BUILD/com.samsung.noa-0.0.1/CMakeFiles/CMakeTmp']
  ignore line: [/usr/bin/cmake -E cmake_progress_report /home/abuild/rpmbuild/BUILD/com.samsung.noa-0.0.1/CMakeFiles/CMakeTmp/CMakeFiles 1]
  ignore line: [qemu: Unsupported syscall: 369]
  ignore line: [qemu: Unsupported syscall: 369]
  ignore line: [qemu: Unsupported syscall: 369]
  ignore line: [qemu: Unsupported syscall: 369]
  ignore line: [Building CXX object CMakeFiles/cmTryCompileExec.dir/CMakeCXXCompilerABI.cpp.o]
  ignore line: [/usr/bin/c++    -O2 -g -pipe -Wall -Wp,-D_FORTIFY_SOURCE=2 -fexceptions -fstack-protector --param=ssp-buffer-size=4 -Wformat -Wformat-security  -fmessage-length=0 -march=armv7-a -mtune=cortex-a8 -mlittle-endian  -mfpu=vfpv3 -mfloat-abi=softfp -D__SOFTFP__ -mthumb -Wa,-mimplicit-it=thumb      -o CMakeFiles/cmTryCompileExec.dir/CMakeCXXCompilerABI.cpp.o -c /usr/share/cmake/Modules/CMakeCXXCompilerABI.cpp]
  ignore line: [qemu: Unsupported syscall: 369]
  ignore line: [qemu: Unsupported syscall: 369]
  ignore line: [qemu: Unsupported syscall: 369]
  ignore line: [qemu: Unsupported syscall: 369]
  ignore line: [Linking CXX executable cmTryCompileExec]
  ignore line: [/usr/bin/cmake -E cmake_link_script CMakeFiles/cmTryCompileExec.dir/link.txt --verbose=1]
  ignore line: [qemu: Unsupported syscall: 369]
  ignore line: [qemu: Unsupported syscall: 369]
  ignore line: [/usr/bin/c++    -O2 -g -pipe -Wall -Wp,-D_FORTIFY_SOURCE=2 -fexceptions -fstack-protector --param=ssp-buffer-size=4 -Wformat -Wformat-security  -fmessage-length=0 -march=armv7-a -mtune=cortex-a8 -mlittle-endian  -mfpu=vfpv3 -mfloat-abi=softfp -D__SOFTFP__ -mthumb -Wa,-mimplicit-it=thumb     -v CMakeFiles/cmTryCompileExec.dir/CMakeCXXCompilerABI.cpp.o  -o cmTryCompileExec -rdynamic  ]
  ignore line: [Using built-in specs.]
  ignore line: [COLLECT_GCC=/usr/bin/c++]
  ignore line: [COLLECT_LTO_WRAPPER=/usr/libexec/gcc/armv7l-tizen-linux-gnueabi/4.5.3/lto-wrapper]
  ignore line: [Target: armv7l-tizen-linux-gnueabi]
  ignore line: [Configured with: ../configure --prefix=/usr --mandir=/usr/share/man --infodir=/usr/share/info --enable-shared --enable-linker-build-id --enable-checking=release --disable-sjlj-exceptions --disable-libstdcxx-pch --with-system-zlib --enable-__cxa_atexit --disable-libunwind-exceptions --enable-gnu-unique-object --enable-lto --without-included-gettext --enable-threads=posix --enable-nls --disable-bootstrap --enable-clocale=gnu --enable-libstdcxx-debug --enable-libstdcxx-time=yes --enable-plugin --enable-gold --enable-ld=default --with-plugin-ld=ld.gold --enable-languages=c,c++ --disable-libgcj --build=armv7l-tizen-linux-gnueabi]
  ignore line: [Thread model: posix]
  ignore line: [gcc version 4.5.3 (GCC) ]
  ignore line: [COMPILER_PATH=/usr/libexec/gcc/armv7l-tizen-linux-gnueabi/4.5.3/:/usr/libexec/gcc/armv7l-tizen-linux-gnueabi/4.5.3/:/usr/libexec/gcc/armv7l-tizen-linux-gnueabi/:/usr/lib/gcc/armv7l-tizen-linux-gnueabi/4.5.3/:/usr/lib/gcc/armv7l-tizen-linux-gnueabi/]
  ignore line: [LIBRARY_PATH=/usr/lib/gcc/armv7l-tizen-linux-gnueabi/4.5.3/:/usr/lib/gcc/armv7l-tizen-linux-gnueabi/4.5.3/../../../:/lib/:/usr/lib/]
  ignore line: [COLLECT_GCC_OPTIONS='-O2' '-g' '-pipe' '-Wall' '-fexceptions' '-fstack-protector' '--param' 'ssp-buffer-size=4' '-Wformat' '-Wformat-security' '-fmessage-length=0' '-march=armv7-a' '-mtune=cortex-a8' '-mlittle-endian' '-mfpu=vfpv3' '-mfloat-abi=softfp' '-D__SOFTFP__' '-mthumb' '-v' '-o' 'cmTryCompileExec' '-rdynamic' '-shared-libgcc']
  link line: [ /usr/libexec/gcc/armv7l-tizen-linux-gnueabi/4.5.3/collect2 --build-id --no-add-needed --eh-frame-hdr -export-dynamic -dynamic-linker /lib/ld-linux.so.3 -X --hash-style=both -EL -m armelf_linux_eabi -o cmTryCompileExec /usr/lib/gcc/armv7l-tizen-linux-gnueabi/4.5.3/../../../crt1.o /usr/lib/gcc/armv7l-tizen-linux-gnueabi/4.5.3/../../../crti.o /usr/lib/gcc/armv7l-tizen-linux-gnueabi/4.5.3/crtbegin.o -L/usr/lib/gcc/armv7l-tizen-linux-gnueabi/4.5.3 -L/usr/lib/gcc/armv7l-tizen-linux-gnueabi/4.5.3/../../.. CMakeFiles/cmTryCompileExec.dir/CMakeCXXCompilerABI.cpp.o -lstdc++ -lm -lgcc_s -lgcc -lc -lgcc_s -lgcc /usr/lib/gcc/armv7l-tizen-linux-gnueabi/4.5.3/crtend.o /usr/lib/gcc/armv7l-tizen-linux-gnueabi/4.5.3/../../../crtn.o]
    arg [/usr/libexec/gcc/armv7l-tizen-linux-gnueabi/4.5.3/collect2] ==> ignore
    arg [--build-id] ==> ignore
    arg [--no-add-needed] ==> ignore
    arg [--eh-frame-hdr] ==> ignore
    arg [-export-dynamic] ==> ignore
    arg [-dynamic-linker] ==> ignore
    arg [/lib/ld-linux.so.3] ==> ignore
    arg [-X] ==> ignore
    arg [--hash-style=both] ==> ignore
    arg [-EL] ==> ignore
    arg [-m] ==> ignore
    arg [armelf_linux_eabi] ==> ignore
    arg [-o] ==> ignore
    arg [cmTryCompileExec] ==> ignore
    arg [/usr/lib/gcc/armv7l-tizen-linux-gnueabi/4.5.3/../../../crt1.o] ==> ignore
    arg [/usr/lib/gcc/armv7l-tizen-linux-gnueabi/4.5.3/../../../crti.o] ==> ignore
    arg [/usr/lib/gcc/armv7l-tizen-linux-gnueabi/4.5.3/crtbegin.o] ==> ignore
    arg [-L/usr/lib/gcc/armv7l-tizen-linux-gnueabi/4.5.3] ==> dir [/usr/lib/gcc/armv7l-tizen-linux-gnueabi/4.5.3]
    arg [-L/usr/lib/gcc/armv7l-tizen-linux-gnueabi/4.5.3/../../..] ==> dir [/usr/lib/gcc/armv7l-tizen-linux-gnueabi/4.5.3/../../..]
    arg [CMakeFiles/cmTryCompileExec.dir/CMakeCXXCompilerABI.cpp.o] ==> ignore
    arg [-lstdc++] ==> lib [stdc++]
    arg [-lm] ==> lib [m]
    arg [-lgcc_s] ==> lib [gcc_s]
    arg [-lgcc] ==> lib [gcc]
    arg [-lc] ==> lib [c]
    arg [-lgcc_s] ==> lib [gcc_s]
    arg [-lgcc] ==> lib [gcc]
    arg [/usr/lib/gcc/armv7l-tizen-linux-gnueabi/4.5.3/crtend.o] ==> ignore
    arg [/usr/lib/gcc/armv7l-tizen-linux-gnueabi/4.5.3/../../../crtn.o] ==> ignore
  remove lib [gcc_s]
  remove lib [gcc]
  remove lib [gcc_s]
  remove lib [gcc]
  collapse dir [/usr/lib/gcc/armv7l-tizen-linux-gnueabi/4.5.3] ==> [/usr/lib/gcc/armv7l-tizen-linux-gnueabi/4.5.3]
  collapse dir [/usr/lib/gcc/armv7l-tizen-linux-gnueabi/4.5.3/../../..] ==> [/usr/lib]
  implicit libs: [stdc++;m;c]
  implicit dirs: [/usr/lib/gcc/armv7l-tizen-linux-gnueabi/4.5.3;/usr/lib]


